<?xml version="1.0" encoding="UTF-8"?>
<!-- Generated by org.testng.reporters.JUnitXMLReporter -->
<testsuite hostname="aman-PC" ignored="0" name="Test" tests="3" failures="1" timestamp="27 Aug 2017 07:41:58 GMT" time="160.713" errors="0">
  <testcase name="testLogin" time="37.944" classname="testScript.Tc_0001Login"/>
  <testcase name="testRegistraionWithValidData" time="35.244" classname="testScript.Tc_002_Registration">
    <failure type="java.lang.AssertionError" message="Registration test is fail expected [true] but found [false]">
      <![CDATA[java.lang.AssertionError: Registration test is fail expected [true] but found [false]
	at testScript.Tc_002_Registration.testRegistraionWithValidData(Tc_002_Registration.java:48)
... Removed 31 stack frames]]>
    </failure>
  </testcase> <!-- testRegistraionWithValidData -->
  <testcase name="testRegistraionWithInvalidData" time="12.182" classname="testScript.Tc_002_Registration"/>
</testsuite> <!-- Test -->
