<?xml version="1.0" encoding="UTF-8"?>
<!-- Generated by org.testng.reporters.JUnitXMLReporter -->
<testsuite hostname="aman-PC" ignored="0" name="Test" tests="3" failures="1" timestamp="27 Aug 2017 10:48:47 GMT" time="136.546" errors="0">
  <testcase name="testLogin" time="11.879" classname="testScript.Tc_0001Login"/>
  <testcase name="testRegistraionWithValidData" time="22.959" classname="testScript.Tc_002_Registration">
    <failure type="java.lang.AssertionError" message="Registration test is fail expected [true] but found [false]">
      <![CDATA[java.lang.AssertionError: Registration test is fail expected [true] but found [false]
	at testScript.Tc_002_Registration.testRegistraionWithValidData(Tc_002_Registration.java:48)
... Removed 28 stack frames]]>
    </failure>
  </testcase> <!-- testRegistraionWithValidData -->
  <testcase name="testRegistraionWithInvalidData" time="10.59" classname="testScript.Tc_002_Registration"/>
</testsuite> <!-- Test -->
