<?xml version="1.0" encoding="UTF-8"?>
<testsuite xmlns:xsi="http://www.w3.org/2001/XMLSchema-instance" xsi:schemaLocation="https://maven.apache.org/surefire/maven-surefire-plugin/xsd/surefire-test-report.xsd" name="TestSuite" time="161.734" tests="3" errors="0" skipped="0" failures="1">
  <properties>
[...]
</properties>
  <testcase name="testLogin" classname="testScript.Tc_0001Login" time="37.948"/>
  <testcase name="testRegistraionWithValidData" classname="testScript.Tc_002_Registration" time="35.251">
    <failure message="Registration test is fail expected [true] but found [false]" type="java.lang.AssertionError">java.lang.AssertionError: Registration test is fail expected [true] but found [false]
	at org.testng.Assert.fail(Assert.java:93)
	at org.testng.Assert.failNotEquals(Assert.java:512)
	at org.testng.Assert.assertTrue(Assert.java:41)
	at testScript.Tc_002_Registration.testRegistraionWithValidData(Tc_002_Registration.java:48)
</failure>
    <system-out><![CDATA[H:\NewWorkspace\Maven_Ecommerce
email1503819557357@gmail.com
2017-08-27 13:10:59 INFO  SignIn:35 - clicking on sign in link
2017-08-27 13:11:00 INFO  SignIn:53 - entering email address to create an account
2017-08-27 13:11:10 INFO  SignIn:73 - Clicking on create an account
2017-08-27 13:11:15 INFO  CreateAnAccount:55 - selecting Mr Radion Button
2017-08-27 13:11:15 INFO  CreateAnAccount:98 - entering first name
2017-08-27 13:11:16 INFO  CreateAnAccount:103 - entering last name
2017-08-27 13:11:16 INFO  CreateAnAccount:108 - entering password
2017-08-27 13:11:16 INFO  CreateAnAccount:118 - clicking on day drop down
2017-08-27 13:11:17 INFO  CreateAnAccount:124 - selecting day in day day drop down
2017-08-27 13:11:18 INFO  CreateAnAccount:129 - clicking on month drop down
2017-08-27 13:11:19 INFO  CreateAnAccount:136 - selecting month in month drop down
2017-08-27 13:11:19 INFO  CreateAnAccount:143 - clicking on year drop down
2017-08-27 13:11:21 INFO  CreateAnAccount:149 - clickin on year option
2017-08-27 13:11:23 INFO  CreateAnAccount:156 - entering your address first name
2017-08-27 13:11:23 INFO  CreateAnAccount:161 - entering your address lastname name
2017-08-27 13:11:23 INFO  CreateAnAccount:166 - entering your primary Address
2017-08-27 13:11:23 INFO  CreateAnAccount:171 - entering your secondry Address
2017-08-27 13:11:24 INFO  CreateAnAccount:176 - entering your Address city name
2017-08-27 13:11:24 INFO  CreateAnAccount:181 - clicking on your Address State Drop Down
2017-08-27 13:11:24 INFO  CreateAnAccount:187 - entering your Address zip code
2017-08-27 13:11:24 INFO  CreateAnAccount:192 - clicking on your Address Country Name
2017-08-27 13:11:25 INFO  CreateAnAccount:195 - selecting Country Name
2017-08-27 13:11:26 INFO  CreateAnAccount:200 - entering your Address phone nummber
2017-08-27 13:11:26 INFO  CreateAnAccount:210 - clicking on register
]]></system-out>
  </testcase>
  <testcase name="testRegistraionWithInvalidData" classname="testScript.Tc_002_Registration" time="12.179"/>
</testsuite>